> Task :compileJava UP-TO-DATE
> Task :processResources UP-TO-DATE
> Task :classes UP-TO-DATE
> Task :resolveMainClassName UP-TO-DATE

> Task :bootRun

  .   ____          _            __ _ _
 /\\ / ___'_ __ _ _(_)_ __  __ _ \ \ \ \
( ( )\___ | '_ | '_| | '_ \/ _` | \ \ \ \
 \\/  ___)| |_)| | | | | || (_| |  ) ) ) )
  '  |____| .__|_| |_|_| |_\__, | / / / /
 =========|_|==============|___/=/_/_/_/

 :: Spring Boot ::                (v3.3.5)

2026-06-09T17:20:08.827+09:00  INFO 11428 --- [           main] com.yorizori.YoriZoriApplication         : Starting YoriZoriApplication using Java 17.0.19 with PID 11428 (C:\Users\timjj\Desktop\yorijori_-yori-run\BackEnd\build\classes\java\main started by timjj in C:\Users\timjj\Desktop\yorijori_-yori-run\BackEnd)
2026-06-09T17:20:08.831+09:00  INFO 11428 --- [           main] com.yorizori.YoriZoriApplication         : The following 1 profile is active: "local"
2026-06-09T17:20:10.306+09:00  INFO 11428 --- [           main] o.s.b.w.embedded.tomcat.TomcatWebServer  : Tomcat initialized with port 8080 (http)
2026-06-09T17:20:10.326+09:00  INFO 11428 --- [           main] o.apache.catalina.core.StandardService   : Starting service [Tomcat]
2026-06-09T17:20:10.326+09:00  INFO 11428 --- [           main] o.apache.catalina.core.StandardEngine    : Starting Servlet engine: [Apache Tomcat/10.1.31]
2026-06-09T17:20:10.405+09:00  INFO 11428 --- [           main] o.a.c.c.C.[Tomcat].[localhost].[/]       : Initializing Spring embedded WebApplicationContext
2026-06-09T17:20:10.408+09:00  INFO 11428 --- [           main] w.s.c.ServletWebServerApplicationContext : Root WebApplicationContext: initialization completed in 1505 ms
2026-06-09T17:20:11.073+09:00  INFO 11428 --- [           main] o.s.b.w.embedded.tomcat.TomcatWebServer  : Tomcat started on port 8080 (http) with context path '/'
2026-06-09T17:20:11.081+09:00  INFO 11428 --- [           main] com.yorizori.YoriZoriApplication         : Started YoriZoriApplication in 2.823 seconds (process running for 3.25)
2026-06-09T17:20:11.088+09:00  INFO 11428 --- [           main] com.zaxxer.hikari.HikariDataSource       : HikariPool-1 - Starting...
2026-06-09T17:20:11.247+09:00  INFO 11428 --- [           main] com.zaxxer.hikari.pool.HikariPool        : HikariPool-1 - Added connection com.mysql.cj.jdbc.ConnectionImpl@113f9078
2026-06-09T17:20:11.250+09:00  INFO 11428 --- [           main] com.zaxxer.hikari.HikariDataSource       : HikariPool-1 - Start completed.
2026-06-09T17:20:35.658+09:00  INFO 11428 --- [nio-8080-exec-1] o.a.c.c.C.[Tomcat].[localhost].[/]       : Initializing Spring DispatcherServlet 'dispatcherServlet'
2026-06-09T17:20:35.658+09:00  INFO 11428 --- [nio-8080-exec-1] o.s.web.servlet.DispatcherServlet        : Initializing Servlet 'dispatcherServlet'
2026-06-09T17:20:35.659+09:00  INFO 11428 --- [nio-8080-exec-1] o.s.web.servlet.DispatcherServlet        : Completed initialization in 1 ms
