> Task :compileJava
> Task :processResources UP-TO-DATE
> Task :classes
> Task :resolveMainClassName

> Task :bootRun

  .   ____          _            __ _ _
 /\\ / ___'_ __ _ _(_)_ __  __ _ \ \ \ \
( ( )\___ | '_ | '_| | '_ \/ _` | \ \ \ \
 \\/  ___)| |_)| | | | | || (_| |  ) ) ) )
  '  |____| .__|_| |_|_| |_\__, | / / / /
 =========|_|==============|___/=/_/_/_/

 :: Spring Boot ::                (v3.3.5)

2026-05-19T16:11:50.088+09:00  INFO 36820 --- [           main] com.yorizori.YoriZoriApplication         : Starting YoriZoriApplication using Java 17.0.16 with PID 36820 (D:\TermProject\2025Web\Proj_YoriZori_Git\BackEnd\build\classes\java\main started by rhdwn in D:\TermProject\2025Web\Proj_YoriZori_Git\BackEnd)
2026-05-19T16:11:50.092+09:00  INFO 36820 --- [           main] com.yorizori.YoriZoriApplication         : The following 1 profile is active: "local"
2026-05-19T16:11:51.206+09:00  INFO 36820 --- [           main] o.s.b.w.embedded.tomcat.TomcatWebServer  : Tomcat initialized with port 8080 (http)
2026-05-19T16:11:51.220+09:00  INFO 36820 --- [           main] o.apache.catalina.core.StandardService   : Starting service [Tomcat]
2026-05-19T16:11:51.221+09:00  INFO 36820 --- [           main] o.apache.catalina.core.StandardEngine    : Starting Servlet engine: [Apache Tomcat/10.1.31]
2026-05-19T16:11:51.279+09:00  INFO 36820 --- [           main] o.a.c.c.C.[Tomcat].[localhost].[/]       : Initializing Spring embedded WebApplicationContext
2026-05-19T16:11:51.281+09:00  INFO 36820 --- [           main] w.s.c.ServletWebServerApplicationContext : Root WebApplicationContext: initialization completed in 1146 ms
2026-05-19T16:11:51.823+09:00  INFO 36820 --- [           main] o.s.b.w.embedded.tomcat.TomcatWebServer  : Tomcat started on port 8080 (http) with context path '/'
2026-05-19T16:11:51.832+09:00  INFO 36820 --- [           main] com.yorizori.YoriZoriApplication         : Started YoriZoriApplication in 2.061 seconds (process running for 2.318)
2026-05-19T16:11:51.838+09:00  INFO 36820 --- [           main] com.zaxxer.hikari.HikariDataSource       : HikariPool-1 - Starting...
2026-05-19T16:11:52.099+09:00  INFO 36820 --- [           main] com.zaxxer.hikari.pool.HikariPool        : HikariPool-1 - Added connection com.mysql.cj.jdbc.ConnectionImpl@3dbd7107
2026-05-19T16:11:52.101+09:00  INFO 36820 --- [           main] com.zaxxer.hikari.HikariDataSource       : HikariPool-1 - Start completed.
2026-05-19T16:12:03.133+09:00  INFO 36820 --- [nio-8080-exec-1] o.a.c.c.C.[Tomcat].[localhost].[/]       : Initializing Spring DispatcherServlet 'dispatcherServlet'
2026-05-19T16:12:03.133+09:00  INFO 36820 --- [nio-8080-exec-1] o.s.web.servlet.DispatcherServlet        : Initializing Servlet 'dispatcherServlet'
2026-05-19T16:12:03.135+09:00  INFO 36820 --- [nio-8080-exec-1] o.s.web.servlet.DispatcherServlet        : Completed initialization in 1 ms
2026-05-19T16:12:23.824+09:00  WARN 36820 --- [nio-8080-exec-1] .w.s.m.s.DefaultHandlerExceptionResolver : Resolved [org.springframework.web.context.request.async.AsyncRequestNotUsableException: ServletOutputStream failed to write: java.io.IOException: 현재 연결은 사용자의 호스트 시스템의 소프트웨어의 의해 중단되었습니다]
